2026-03-06T06:22:28+0300 INFO: Запуск процесса из студии разработки. C:\Users\NKTKLN\Desktop\mirea-puzzle-rpa\practice_4\PR4_Kalinin_RPA_UI_Problem1_var11\process\Процесс 1.json
2026-03-06T06:22:29+0300 INFO: Старт робота: C:\Users\NKTKLN\Desktop\mirea-puzzle-rpa\practice_4\PR4_Kalinin_RPA_UI_Problem1_var11\resource\b44c1955-63e7-47d0-8017-dc339fb40f45\byte_352.py
2026-03-06T06:22:56+0300 Окно выполнения: Процесс 1: ERROR:  ["Failed to get child processes: program not found"]
2026-03-06T06:23:22+0300 INFO: Завершение работы робота: C:\Users\NKTKLN\Desktop\mirea-puzzle-rpa\practice_4\PR4_Kalinin_RPA_UI_Problem1_var11\resource\b44c1955-63e7-47d0-8017-dc339fb40f45\byte_352.py
2026-03-06T06:23:22+0300 INFO: Завершение выполнения процесса. C:\Users\NKTKLN\Desktop\mirea-puzzle-rpa\practice_4\PR4_Kalinin_RPA_UI_Problem1_var11\process\Процесс 1.json
2026-03-06T06:26:58+0300 INFO: Запуск процесса из студии разработки. C:\Users\NKTKLN\Desktop\mirea-puzzle-rpa\practice_4\PR4_Kalinin_RPA_UI_Problem1_var11\process\Процесс 1.json
2026-03-06T06:26:59+0300 INFO: Старт робота: C:\Users\NKTKLN\Desktop\mirea-puzzle-rpa\practice_4\PR4_Kalinin_RPA_UI_Problem1_var11\resource\0759780f-4dd1-48e8-994d-f556d91c82b1\byte_352.py
2026-03-06T06:27:07+0300 INFO: Запуск процесса из студии разработки. C:\Users\NKTKLN\Desktop\mirea-puzzle-rpa\practice_4\PR4_Kalinin_RPA_UI_Problem1_var11\process\Процесс 1.json
2026-03-06T06:27:07+0300 INFO: Старт робота: C:\Users\NKTKLN\Desktop\mirea-puzzle-rpa\practice_4\PR4_Kalinin_RPA_UI_Problem1_var11\resource\ca966b48-198e-48c2-8057-83826742b2d9\byte_352.py
2026-03-06T06:27:19+0300 INFO: Завершение работы робота: C:\Users\NKTKLN\Desktop\mirea-puzzle-rpa\practice_4\PR4_Kalinin_RPA_UI_Problem1_var11\resource\0759780f-4dd1-48e8-994d-f556d91c82b1\byte_352.py
2026-03-06T06:27:19+0300 INFO: Завершение выполнения процесса. C:\Users\NKTKLN\Desktop\mirea-puzzle-rpa\practice_4\PR4_Kalinin_RPA_UI_Problem1_var11\process\Процесс 1.json
2026-03-06T06:27:21+0300 INFO: Завершение работы робота: C:\Users\NKTKLN\Desktop\mirea-puzzle-rpa\practice_4\PR4_Kalinin_RPA_UI_Problem1_var11\resource\ca966b48-198e-48c2-8057-83826742b2d9\byte_352.py
2026-03-06T06:27:21+0300 INFO: Завершение выполнения процесса. C:\Users\NKTKLN\Desktop\mirea-puzzle-rpa\practice_4\PR4_Kalinin_RPA_UI_Problem1_var11\process\Процесс 1.json
2026-03-06T06:27:46+0300 INFO: Запуск процесса из студии разработки. C:\Users\NKTKLN\Desktop\mirea-puzzle-rpa\practice_4\PR4_Kalinin_RPA_UI_Problem1_var11\process\Процесс 1.json
2026-03-06T06:27:47+0300 INFO: Старт робота: C:\Users\NKTKLN\Desktop\mirea-puzzle-rpa\practice_4\PR4_Kalinin_RPA_UI_Problem1_var11\resource\78252b73-599d-4a9e-8471-fa42a3d7b7f0\byte_352.py
2026-03-06T06:27:57+0300 INFO: Завершение работы робота: C:\Users\NKTKLN\Desktop\mirea-puzzle-rpa\practice_4\PR4_Kalinin_RPA_UI_Problem1_var11\resource\78252b73-599d-4a9e-8471-fa42a3d7b7f0\byte_352.py
2026-03-06T06:27:58+0300 INFO: Завершение выполнения процесса. C:\Users\NKTKLN\Desktop\mirea-puzzle-rpa\practice_4\PR4_Kalinin_RPA_UI_Problem1_var11\process\Процесс 1.json
2026-03-06T06:28:54+0300 INFO: Запуск процесса из студии разработки. C:\Users\NKTKLN\Desktop\mirea-puzzle-rpa\practice_4\PR4_Kalinin_RPA_UI_Problem1_var11\process\Процесс 1.json
2026-03-06T06:28:55+0300 INFO: Старт робота: C:\Users\NKTKLN\Desktop\mirea-puzzle-rpa\practice_4\PR4_Kalinin_RPA_UI_Problem1_var11\resource\ee8e8292-46eb-48e6-b971-693e5be39c9e\byte_352.py
2026-03-06T06:28:57+0300 INFO: Завершение работы робота: C:\Users\NKTKLN\Desktop\mirea-puzzle-rpa\practice_4\PR4_Kalinin_RPA_UI_Problem1_var11\resource\ee8e8292-46eb-48e6-b971-693e5be39c9e\byte_352.py
2026-03-06T06:28:57+0300 INFO: Завершение выполнения процесса. C:\Users\NKTKLN\Desktop\mirea-puzzle-rpa\practice_4\PR4_Kalinin_RPA_UI_Problem1_var11\process\Процесс 1.json
2026-03-06T06:31:27+0300 INFO: Запуск процесса из студии разработки. C:\Users\NKTKLN\Desktop\mirea-puzzle-rpa\practice_4\PR4_Kalinin_RPA_UI_Problem1_var11\process\Процесс 1.json
2026-03-06T06:31:28+0300 INFO: Старт робота: C:\Users\NKTKLN\Desktop\mirea-puzzle-rpa\practice_4\PR4_Kalinin_RPA_UI_Problem1_var11\resource\92439e6d-4311-485f-93c1-222d136b8c35\byte_352.py
2026-03-06T06:31:33+0300 ERROR: C:\Users\NKTKLN\Desktop\mirea-puzzle-rpa\practice_4\PR4_Kalinin_RPA_UI_Problem1_var11\resource\92439e6d-4311-485f-93c1-222d136b8c35\byte_352.py Ошибка: name 'participant_name' is not defined
2026-03-06T06:31:33+0300 Окно выполнения: Процесс 1: ERROR:  ["name 'participant_name' is not defined"]
2026-03-06T06:31:36+0300 ERROR: Завершение выполнения процесса. C:\Users\NKTKLN\Desktop\mirea-puzzle-rpa\practice_4\PR4_Kalinin_RPA_UI_Problem1_var11\process\Процесс 1.json
2026-03-06T06:32:42+0300 INFO: Запуск процесса из студии разработки. C:\Users\NKTKLN\Desktop\mirea-puzzle-rpa\practice_4\PR4_Kalinin_RPA_UI_Problem1_var11\process\Процесс 1.json
2026-03-06T06:32:43+0300 INFO: Старт робота: C:\Users\NKTKLN\Desktop\mirea-puzzle-rpa\practice_4\PR4_Kalinin_RPA_UI_Problem1_var11\resource\c876c815-be5a-47bb-b685-2291a8b1a5c9\byte_352.py
2026-03-06T06:32:48+0300 ERROR: C:\Users\NKTKLN\Desktop\mirea-puzzle-rpa\practice_4\PR4_Kalinin_RPA_UI_Problem1_var11\resource\c876c815-be5a-47bb-b685-2291a8b1a5c9\byte_352.py Ошибка: 'participant_name'
2026-03-06T06:32:48+0300 Окно выполнения: Процесс 1: ERROR:  ["'participant_name'"]
2026-03-06T06:32:54+0300 ERROR: Завершение выполнения процесса. C:\Users\NKTKLN\Desktop\mirea-puzzle-rpa\practice_4\PR4_Kalinin_RPA_UI_Problem1_var11\process\Процесс 1.json
2026-03-06T06:34:01+0300 INFO: Запуск процесса из студии разработки. C:\Users\NKTKLN\Desktop\mirea-puzzle-rpa\practice_4\PR4_Kalinin_RPA_UI_Problem1_var11\process\Процесс 1.json
2026-03-06T06:34:02+0300 INFO: Старт робота: C:\Users\NKTKLN\Desktop\mirea-puzzle-rpa\practice_4\PR4_Kalinin_RPA_UI_Problem1_var11\resource\34fa8652-398b-4bcf-a717-9015de3c2871\byte_352.py
2026-03-06T06:34:50+0300 ERROR: C:\Users\NKTKLN\Desktop\mirea-puzzle-rpa\practice_4\PR4_Kalinin_RPA_UI_Problem1_var11\resource\34fa8652-398b-4bcf-a717-9015de3c2871\byte_352.py Ошибка: name 'couter' is not defined
2026-03-06T06:34:50+0300 Окно выполнения: Процесс 1: ERROR:  ["name 'couter' is not defined"]
2026-03-06T06:34:53+0300 ERROR: Завершение выполнения процесса. C:\Users\NKTKLN\Desktop\mirea-puzzle-rpa\practice_4\PR4_Kalinin_RPA_UI_Problem1_var11\process\Процесс 1.json
2026-03-06T06:35:37+0300 INFO: Запуск процесса из студии разработки. C:\Users\NKTKLN\Desktop\mirea-puzzle-rpa\practice_4\PR4_Kalinin_RPA_UI_Problem1_var11\process\Процесс 1.json
2026-03-06T06:35:38+0300 INFO: Старт робота: C:\Users\NKTKLN\Desktop\mirea-puzzle-rpa\practice_4\PR4_Kalinin_RPA_UI_Problem1_var11\resource\abba97e0-d63d-4241-92bd-6ea7a3f01f81\byte_352.py
2026-03-06T06:37:35+0300 INFO: Завершение работы робота: C:\Users\NKTKLN\Desktop\mirea-puzzle-rpa\practice_4\PR4_Kalinin_RPA_UI_Problem1_var11\resource\abba97e0-d63d-4241-92bd-6ea7a3f01f81\byte_352.py
2026-03-06T06:37:35+0300 INFO: Завершение выполнения процесса. C:\Users\NKTKLN\Desktop\mirea-puzzle-rpa\practice_4\PR4_Kalinin_RPA_UI_Problem1_var11\process\Процесс 1.json
2026-03-06T06:39:10+0300 INFO: Запуск процесса из студии разработки. C:\Users\NKTKLN\Desktop\mirea-puzzle-rpa\practice_4\PR4_Kalinin_RPA_UI_Problem1_var11\process\Процесс 1.json
2026-03-06T06:39:11+0300 INFO: Старт робота: C:\Users\NKTKLN\Desktop\mirea-puzzle-rpa\practice_4\PR4_Kalinin_RPA_UI_Problem1_var11\resource\e94840fb-a986-43eb-b11b-a9cbb7ebc92e\byte_352.py
2026-03-06T06:40:44+0300 INFO: Завершение работы робота: C:\Users\NKTKLN\Desktop\mirea-puzzle-rpa\practice_4\PR4_Kalinin_RPA_UI_Problem1_var11\resource\e94840fb-a986-43eb-b11b-a9cbb7ebc92e\byte_352.py
2026-03-06T06:40:44+0300 INFO: Завершение выполнения процесса. C:\Users\NKTKLN\Desktop\mirea-puzzle-rpa\practice_4\PR4_Kalinin_RPA_UI_Problem1_var11\process\Процесс 1.json
2026-03-06T06:50:40+0300 INFO: Запуск процесса из студии разработки. C:\Users\NKTKLN\Desktop\mirea-puzzle-rpa\practice_4\PR4_Kalinin_RPA_UI_Problem2_var11\process\Процесс 1.json
2026-03-06T06:50:41+0300 INFO: Старт робота: C:\Users\NKTKLN\Desktop\mirea-puzzle-rpa\practice_4\PR4_Kalinin_RPA_UI_Problem2_var11\resource\f234bcb5-d4bb-4631-ac40-fdb0e6823f65\byte_352.py
2026-03-06T06:50:47+0300 INFO: Завершение работы робота: C:\Users\NKTKLN\Desktop\mirea-puzzle-rpa\practice_4\PR4_Kalinin_RPA_UI_Problem2_var11\resource\f234bcb5-d4bb-4631-ac40-fdb0e6823f65\byte_352.py
2026-03-06T06:50:47+0300 INFO: Завершение выполнения процесса. C:\Users\NKTKLN\Desktop\mirea-puzzle-rpa\practice_4\PR4_Kalinin_RPA_UI_Problem2_var11\process\Процесс 1.json
2026-03-06T06:51:02+0300 INFO: Запуск процесса из студии разработки. C:\Users\NKTKLN\Desktop\mirea-puzzle-rpa\practice_4\PR4_Kalinin_RPA_UI_Problem2_var11\process\Процесс 1.json
2026-03-06T06:51:03+0300 INFO: Старт робота: C:\Users\NKTKLN\Desktop\mirea-puzzle-rpa\practice_4\PR4_Kalinin_RPA_UI_Problem2_var11\resource\d7b4aa9a-0129-45d7-8a3e-8ccf5df6e946\byte_352.py
2026-03-06T06:51:11+0300 INFO: Завершение работы робота: C:\Users\NKTKLN\Desktop\mirea-puzzle-rpa\practice_4\PR4_Kalinin_RPA_UI_Problem2_var11\resource\d7b4aa9a-0129-45d7-8a3e-8ccf5df6e946\byte_352.py
2026-03-06T06:51:11+0300 INFO: Завершение выполнения процесса. C:\Users\NKTKLN\Desktop\mirea-puzzle-rpa\practice_4\PR4_Kalinin_RPA_UI_Problem2_var11\process\Процесс 1.json
2026-03-06T06:51:57+0300 INFO: Запуск процесса из студии разработки. C:\Users\NKTKLN\Desktop\mirea-puzzle-rpa\practice_4\PR4_Kalinin_RPA_UI_Problem2_var11\process\Процесс 1.json
2026-03-06T06:51:58+0300 INFO: Старт робота: C:\Users\NKTKLN\Desktop\mirea-puzzle-rpa\practice_4\PR4_Kalinin_RPA_UI_Problem2_var11\resource\0c0062b4-7911-4a86-a4fd-64eea9350524\byte_352.py
2026-03-06T06:52:06+0300 INFO: Завершение работы робота: C:\Users\NKTKLN\Desktop\mirea-puzzle-rpa\practice_4\PR4_Kalinin_RPA_UI_Problem2_var11\resource\0c0062b4-7911-4a86-a4fd-64eea9350524\byte_352.py
2026-03-06T06:52:06+0300 INFO: Завершение выполнения процесса. C:\Users\NKTKLN\Desktop\mirea-puzzle-rpa\practice_4\PR4_Kalinin_RPA_UI_Problem2_var11\process\Процесс 1.json
2026-03-06T07:03:16+0300 INFO: Запуск процесса из студии разработки. C:\Users\NKTKLN\Desktop\mirea-puzzle-rpa\practice_4\PR4_Kalinin_RPA_UI_Problem2_var11\process\Процесс 1.json
2026-03-06T07:03:17+0300 INFO: Старт робота: C:\Users\NKTKLN\Desktop\mirea-puzzle-rpa\practice_4\PR4_Kalinin_RPA_UI_Problem2_var11\resource\f84c8c9c-c76a-4f91-ab72-de0e3feb8ad3\byte_352.py
2026-03-06T07:04:21+0300 INFO: Завершение работы робота: C:\Users\NKTKLN\Desktop\mirea-puzzle-rpa\practice_4\PR4_Kalinin_RPA_UI_Problem2_var11\resource\f84c8c9c-c76a-4f91-ab72-de0e3feb8ad3\byte_352.py
2026-03-06T07:04:21+0300 INFO: Завершение выполнения процесса. C:\Users\NKTKLN\Desktop\mirea-puzzle-rpa\practice_4\PR4_Kalinin_RPA_UI_Problem2_var11\process\Процесс 1.json
2026-03-06T07:04:37+0300 INFO: Запуск процесса из студии разработки. C:\Users\NKTKLN\Desktop\mirea-puzzle-rpa\practice_4\PR4_Kalinin_RPA_UI_Problem2_var11\process\Процесс 1.json
2026-03-06T07:04:38+0300 INFO: Старт робота: C:\Users\NKTKLN\Desktop\mirea-puzzle-rpa\practice_4\PR4_Kalinin_RPA_UI_Problem2_var11\resource\25435b02-7f36-49f0-b276-7a820101a13f\byte_352.py
2026-03-06T07:05:15+0300 INFO: Завершение работы робота: C:\Users\NKTKLN\Desktop\mirea-puzzle-rpa\practice_4\PR4_Kalinin_RPA_UI_Problem2_var11\resource\25435b02-7f36-49f0-b276-7a820101a13f\byte_352.py
2026-03-06T07:05:15+0300 INFO: Завершение выполнения процесса. C:\Users\NKTKLN\Desktop\mirea-puzzle-rpa\practice_4\PR4_Kalinin_RPA_UI_Problem2_var11\process\Процесс 1.json
2026-03-06T07:07:29+0300 INFO: Запуск процесса из студии разработки. C:\Users\NKTKLN\Desktop\mirea-puzzle-rpa\practice_4\PR4_Kalinin_RPA_UI_Problem2_var11\process\Процесс 1.json
2026-03-06T07:07:30+0300 INFO: Старт робота: C:\Users\NKTKLN\Desktop\mirea-puzzle-rpa\practice_4\PR4_Kalinin_RPA_UI_Problem2_var11\resource\eb7a6753-df51-4c97-a000-e1fdaa1c5a0c\byte_352.py
2026-03-06T07:07:30+0300 ERROR: C:\Users\NKTKLN\Desktop\mirea-puzzle-rpa\practice_4\PR4_Kalinin_RPA_UI_Problem2_var11\resource\eb7a6753-df51-4c97-a000-e1fdaa1c5a0c\byte_352.py Ошибка: 'str' object has no attribute 'items'
2026-03-06T07:07:30+0300 Окно выполнения: Процесс 1: ERROR:  ["'str' object has no attribute 'items'"]
2026-03-06T07:07:35+0300 ERROR: Завершение выполнения процесса. C:\Users\NKTKLN\Desktop\mirea-puzzle-rpa\practice_4\PR4_Kalinin_RPA_UI_Problem2_var11\process\Процесс 1.json
2026-03-06T07:08:05+0300 INFO: Запуск процесса из студии разработки. C:\Users\NKTKLN\Desktop\mirea-puzzle-rpa\practice_4\PR4_Kalinin_RPA_UI_Problem2_var11\process\Процесс 1.json
2026-03-06T07:08:06+0300 INFO: Старт робота: C:\Users\NKTKLN\Desktop\mirea-puzzle-rpa\practice_4\PR4_Kalinin_RPA_UI_Problem2_var11\resource\6775e577-76a4-4bd4-bf73-acf72231e055\byte_352.py
2026-03-06T07:08:13+0300 INFO: Завершение работы робота: C:\Users\NKTKLN\Desktop\mirea-puzzle-rpa\practice_4\PR4_Kalinin_RPA_UI_Problem2_var11\resource\6775e577-76a4-4bd4-bf73-acf72231e055\byte_352.py
2026-03-06T07:08:13+0300 INFO: Завершение выполнения процесса. C:\Users\NKTKLN\Desktop\mirea-puzzle-rpa\practice_4\PR4_Kalinin_RPA_UI_Problem2_var11\process\Процесс 1.json
2026-03-06T07:10:30+0300 INFO: Запуск процесса из студии разработки. C:\Users\NKTKLN\Desktop\mirea-puzzle-rpa\practice_4\PR4_Kalinin_RPA_UI_Problem2_var11\process\Процесс 1.json
2026-03-06T07:10:31+0300 INFO: Старт робота: C:\Users\NKTKLN\Desktop\mirea-puzzle-rpa\practice_4\PR4_Kalinin_RPA_UI_Problem2_var11\resource\fe210bbe-2625-4c38-9770-d21057be14cc\byte_352.py
2026-03-06T07:10:38+0300 INFO: Завершение работы робота: C:\Users\NKTKLN\Desktop\mirea-puzzle-rpa\practice_4\PR4_Kalinin_RPA_UI_Problem2_var11\resource\fe210bbe-2625-4c38-9770-d21057be14cc\byte_352.py
2026-03-06T07:10:39+0300 INFO: Завершение выполнения процесса. C:\Users\NKTKLN\Desktop\mirea-puzzle-rpa\practice_4\PR4_Kalinin_RPA_UI_Problem2_var11\process\Процесс 1.json
2026-03-06T07:11:14+0300 INFO: Запуск процесса из студии разработки. C:\Users\NKTKLN\Desktop\mirea-puzzle-rpa\practice_4\PR4_Kalinin_RPA_UI_Problem2_var11\process\Процесс 1.json
2026-03-06T07:11:15+0300 INFO: Старт робота: C:\Users\NKTKLN\Desktop\mirea-puzzle-rpa\practice_4\PR4_Kalinin_RPA_UI_Problem2_var11\resource\8f77894b-190e-4976-92bd-f879bafcabbc\byte_352.py
2026-03-06T07:11:21+0300 INFO: Завершение работы робота: C:\Users\NKTKLN\Desktop\mirea-puzzle-rpa\practice_4\PR4_Kalinin_RPA_UI_Problem2_var11\resource\8f77894b-190e-4976-92bd-f879bafcabbc\byte_352.py
2026-03-06T07:11:22+0300 INFO: Завершение выполнения процесса. C:\Users\NKTKLN\Desktop\mirea-puzzle-rpa\practice_4\PR4_Kalinin_RPA_UI_Problem2_var11\process\Процесс 1.json
2026-03-06T07:11:50+0300 INFO: Запуск процесса из студии разработки. C:\Users\NKTKLN\Desktop\mirea-puzzle-rpa\practice_4\PR4_Kalinin_RPA_UI_Problem2_var11\process\Процесс 1.json
2026-03-06T07:11:51+0300 INFO: Старт робота: C:\Users\NKTKLN\Desktop\mirea-puzzle-rpa\practice_4\PR4_Kalinin_RPA_UI_Problem2_var11\resource\5d9f64cf-29e6-4c14-a60d-4ea1e803b930\byte_352.py
2026-03-06T07:13:08+0300 INFO: Завершение работы робота: C:\Users\NKTKLN\Desktop\mirea-puzzle-rpa\practice_4\PR4_Kalinin_RPA_UI_Problem2_var11\resource\5d9f64cf-29e6-4c14-a60d-4ea1e803b930\byte_352.py
2026-03-06T07:13:08+0300 INFO: Завершение выполнения процесса. C:\Users\NKTKLN\Desktop\mirea-puzzle-rpa\practice_4\PR4_Kalinin_RPA_UI_Problem2_var11\process\Процесс 1.json
2026-03-06T07:15:41+0300 INFO: Запуск процесса из студии разработки. C:\Users\NKTKLN\Desktop\mirea-puzzle-rpa\practice_4\PR4_Kalinin_RPA_UI_Problem2_var11\process\Процесс 1.json
2026-03-06T07:15:42+0300 Окно выполнения: Процесс 1: ERROR:  ["stderr:","  File \"C:\\Users\\NKTKLN\\Desktop\\mirea-puzzle-rpa\\practice_4\\PR4_Kalinin_RPA_UI_Problem2_var11\\resource\\bac424ee-b43c-4a01-b27e-ae0444e5929b\\byte_352.py\", line 148\r\n    files_and_folders.append_txt_file(file_path='C:\\\\Users\\\\NKTKLN\\\\Desktop\\\\mirea-puzzle-rpa\\\\practice_4\\\\conference_participants_extended.csv', data=(f\"{participant_name};{organization};{section_number};{\\\"да\\\" if is_speaker else \\\"нет\\\"};{presentation_topic};{presentation_format}\\n\"), encoding='utf-8',block_text=\"Дописать в файл\",window_log=True, current_language=\"ru\")\r\n                                                                                                                                                                                                                                                                                              ^\r\nSyntaxError: f-string expression part cannot include a backslash\r\n"]
2026-03-06T07:15:57+0300 ERROR: Завершение выполнения процесса. C:\Users\NKTKLN\Desktop\mirea-puzzle-rpa\practice_4\PR4_Kalinin_RPA_UI_Problem2_var11\process\Процесс 1.json
2026-03-06T07:16:18+0300 INFO: Запуск процесса из студии разработки. C:\Users\NKTKLN\Desktop\mirea-puzzle-rpa\practice_4\PR4_Kalinin_RPA_UI_Problem2_var11\process\Процесс 1.json
2026-03-06T07:16:19+0300 INFO: Старт робота: C:\Users\NKTKLN\Desktop\mirea-puzzle-rpa\practice_4\PR4_Kalinin_RPA_UI_Problem2_var11\resource\d2caa68f-4ab0-40a8-999f-1d6fde8f7413\byte_352.py
2026-03-06T07:16:48+0300 ERROR: C:\Users\NKTKLN\Desktop\mirea-puzzle-rpa\practice_4\PR4_Kalinin_RPA_UI_Problem2_var11\resource\d2caa68f-4ab0-40a8-999f-1d6fde8f7413\byte_352.py Ошибка: name 'presentation_format' is not defined
2026-03-06T07:16:48+0300 Окно выполнения: Процесс 1: ERROR:  ["name 'presentation_format' is not defined"]
2026-03-06T07:17:05+0300 ERROR: Завершение выполнения процесса. C:\Users\NKTKLN\Desktop\mirea-puzzle-rpa\practice_4\PR4_Kalinin_RPA_UI_Problem2_var11\process\Процесс 1.json
2026-03-06T07:17:24+0300 INFO: Запуск процесса из студии разработки. C:\Users\NKTKLN\Desktop\mirea-puzzle-rpa\practice_4\PR4_Kalinin_RPA_UI_Problem2_var11\process\Процесс 1.json
2026-03-06T07:17:24+0300 INFO: Старт робота: C:\Users\NKTKLN\Desktop\mirea-puzzle-rpa\practice_4\PR4_Kalinin_RPA_UI_Problem2_var11\resource\ab84d392-f8f0-4295-b55c-11b4ba5deab1\byte_352.py
2026-03-06T07:18:45+0300 INFO: Завершение работы робота: C:\Users\NKTKLN\Desktop\mirea-puzzle-rpa\practice_4\PR4_Kalinin_RPA_UI_Problem2_var11\resource\ab84d392-f8f0-4295-b55c-11b4ba5deab1\byte_352.py
2026-03-06T07:18:46+0300 INFO: Завершение выполнения процесса. C:\Users\NKTKLN\Desktop\mirea-puzzle-rpa\practice_4\PR4_Kalinin_RPA_UI_Problem2_var11\process\Процесс 1.json
2026-03-06T07:18:46+0300 INFO: Запуск процесса из студии разработки. C:\Users\NKTKLN\Desktop\mirea-puzzle-rpa\practice_4\PR4_Kalinin_RPA_UI_Problem2_var11\process\Процесс 1.json
2026-03-06T07:18:47+0300 INFO: Старт робота: C:\Users\NKTKLN\Desktop\mirea-puzzle-rpa\practice_4\PR4_Kalinin_RPA_UI_Problem2_var11\resource\d323139f-bf80-4be0-ac1a-f232d6cb2952\byte_352.py
2026-03-06T07:19:23+0300 INFO: Завершение работы робота: C:\Users\NKTKLN\Desktop\mirea-puzzle-rpa\practice_4\PR4_Kalinin_RPA_UI_Problem2_var11\resource\d323139f-bf80-4be0-ac1a-f232d6cb2952\byte_352.py
2026-03-06T07:19:24+0300 INFO: Завершение выполнения процесса. C:\Users\NKTKLN\Desktop\mirea-puzzle-rpa\practice_4\PR4_Kalinin_RPA_UI_Problem2_var11\process\Процесс 1.json
